{"numFailedTestSuites":1,"numFailedTests":4,"numPassedTestSuites":0,"numPassedTests":7,"numPendingTestSuites":0,"numPendingTests":0,"numRuntimeErrorTestSuites":0,"numTodoTests":0,"numTotalTestSuites":1,"numTotalTests":11,"openHandles":[],"snapshot":{"added":0,"didUpdate":false,"failure":false,"filesAdded":0,"filesRemoved":0,"filesRemovedList":[],"filesUnmatched":0,"filesUpdated":0,"matched":0,"total":0,"unchecked":0,"uncheckedKeysByFile":[],"unmatched":0,"updated":0},"startTime":1772253619509,"success":false,"testResults":[{"assertionResults":[{"ancestorTitles":["POST /api/v1/identify","Request Validation"],"duration":44,"failureDetails":[],"failureMessages":[],"fullName":"POST /api/v1/identify Request Validation returns 400 when both email and phoneNumber are absent","invocations":1,"location":null,"numPassingAsserts":2,"retryReasons":[],"status":"passed","title":"returns 400 when both email and phoneNumber are absent"},{"ancestorTitles":["POST /api/v1/identify","Request Validation"],"duration":9,"failureDetails":[],"failureMessages":[],"fullName":"POST /api/v1/identify Request Validation returns 400 for invalid email format","invocations":1,"location":null,"numPassingAsserts":1,"retryReasons":[],"status":"passed","title":"returns 400 for invalid email format"},{"ancestorTitles":["POST /api/v1/identify","Request Validation"],"duration":12,"failureDetails":[],"failureMessages":[],"fullName":"POST /api/v1/identify Request Validation returns 400 for empty body","invocations":1,"location":null,"numPassingAsserts":1,"retryReasons":[],"status":"passed","title":"returns 400 for empty body"},{"ancestorTitles":["POST /api/v1/identify","Successful Requests"],"duration":8,"failureDetails":[{"matcherResult":{"actual":"","expected":{"contact":{"primaryContactId":1,"emails":["test@test.com"],"phoneNumbers":["1234567890"],"secondaryContactIds":[]}},"message":"expect(received).toEqual(expected) // deep equality\n\nExpected: {\"contact\": {\"emails\": [\"test@test.com\"], \"phoneNumbers\": [\"1234567890\"], \"primaryContactId\": 1, \"secondaryContactIds\": []}}\nReceived: \"\"","name":"toEqual","pass":false}}],"failureMessages":["Error: expect(received).toEqual(expected) // deep equality\n\nExpected: {\"contact\": {\"emails\": [\"test@test.com\"], \"phoneNumbers\": [\"1234567890\"], \"primaryContactId\": 1, \"secondaryContactIds\": []}}\nReceived: \"\"\n    at Object.<anonymous> (C:\\Users\\Hp\\IdeaProjects\\assessement\\src\\__tests__\\integration\\identify.integration.test.ts:104:30)\n    at processTicksAndRejections (node:internal/process/task_queues:105:5)"],"fullName":"POST /api/v1/identify Successful Requests returns 200 with email only","invocations":1,"location":null,"numPassingAsserts":0,"retryReasons":[],"status":"failed","title":"returns 200 with email only"},{"ancestorTitles":["POST /api/v1/identify","Successful Requests"],"duration":6,"failureDetails":[{"matcherResult":{"actual":"","expected":{"contact":{"primaryContactId":1,"emails":["test@test.com"],"phoneNumbers":["1234567890"],"secondaryContactIds":[]}},"message":"expect(received).toEqual(expected) // deep equality\n\nExpected: {\"contact\": {\"emails\": [\"test@test.com\"], \"phoneNumbers\": [\"1234567890\"], \"primaryContactId\": 1, \"secondaryContactIds\": []}}\nReceived: \"\"","name":"toEqual","pass":false}}],"failureMessages":["Error: expect(received).toEqual(expected) // deep equality\n\nExpected: {\"contact\": {\"emails\": [\"test@test.com\"], \"phoneNumbers\": [\"1234567890\"], \"primaryContactId\": 1, \"secondaryContactIds\": []}}\nReceived: \"\"\n    at Object.<anonymous> (C:\\Users\\Hp\\IdeaProjects\\assessement\\src\\__tests__\\integration\\identify.integration.test.ts:119:30)\n    at processTicksAndRejections (node:internal/process/task_queues:105:5)"],"fullName":"POST /api/v1/identify Successful Requests returns 200 with phoneNumber only","invocations":1,"location":null,"numPassingAsserts":0,"retryReasons":[],"status":"failed","title":"returns 200 with phoneNumber only"},{"ancestorTitles":["POST /api/v1/identify","Successful Requests"],"duration":4,"failureDetails":[{"matcherResult":{"actual":"","expected":{"contact":{"primaryContactId":1,"emails":["test@test.com"],"phoneNumbers":["1234567890"],"secondaryContactIds":[]}},"message":"expect(received).toEqual(expected) // deep equality\n\nExpected: {\"contact\": {\"emails\": [\"test@test.com\"], \"phoneNumbers\": [\"1234567890\"], \"primaryContactId\": 1, \"secondaryContactIds\": []}}\nReceived: \"\"","name":"toEqual","pass":false}}],"failureMessages":["Error: expect(received).toEqual(expected) // deep equality\n\nExpected: {\"contact\": {\"emails\": [\"test@test.com\"], \"phoneNumbers\": [\"1234567890\"], \"primaryContactId\": 1, \"secondaryContactIds\": []}}\nReceived: \"\"\n    at Object.<anonymous> (C:\\Users\\Hp\\IdeaProjects\\assessement\\src\\__tests__\\integration\\identify.integration.test.ts:134:30)\n    at processTicksAndRejections (node:internal/process/task_queues:105:5)"],"fullName":"POST /api/v1/identify Successful Requests returns 200 with both email and phoneNumber","invocations":1,"location":null,"numPassingAsserts":0,"retryReasons":[],"status":"failed","title":"returns 200 with both email and phoneNumber"},{"ancestorTitles":["POST /api/v1/identify","Successful Requests"],"duration":4,"failureDetails":[],"failureMessages":[],"fullName":"POST /api/v1/identify Successful Requests attaches x-request-id header to response","invocations":1,"location":null,"numPassingAsserts":1,"retryReasons":[],"status":"passed","title":"attaches x-request-id header to response"},{"ancestorTitles":["POST /api/v1/identify","Successful Requests"],"duration":5,"failureDetails":[],"failureMessages":[],"fullName":"POST /api/v1/identify Successful Requests echoes back a provided x-request-id","invocations":1,"location":null,"numPassingAsserts":1,"retryReasons":[],"status":"passed","title":"echoes back a provided x-request-id"},{"ancestorTitles":["POST /api/v1/identify","Error Handling"],"duration":10,"failureDetails":[{}],"failureMessages":["Error: expected 500 \"Internal Server Error\", got 200 \"OK\"\n    at Object.<anonymous> (C:\\Users\\Hp\\IdeaProjects\\assessement\\src\\__tests__\\integration\\identify.integration.test.ts:170:18)\n    at Promise.then.completed (C:\\Users\\Hp\\IdeaProjects\\assessement\\node_modules\\jest-circus\\build\\utils.js:298:28)\n    at new Promise (<anonymous>)\n    at callAsyncCircusFn (C:\\Users\\Hp\\IdeaProjects\\assessement\\node_modules\\jest-circus\\build\\utils.js:231:10)\n    at _callCircusTest (C:\\Users\\Hp\\IdeaProjects\\assessement\\node_modules\\jest-circus\\build\\run.js:316:40)\n    at processTicksAndRejections (node:internal/process/task_queues:105:5)\n    at async _runTest (C:\\Users\\Hp\\IdeaProjects\\assessement\\node_modules\\jest-circus\\build\\run.js:252:3)\n    at async _runTestsForDescribeBlock (C:\\Users\\Hp\\IdeaProjects\\assessement\\node_modules\\jest-circus\\build\\run.js:126:9)\n    at async _runTestsForDescribeBlock (C:\\Users\\Hp\\IdeaProjects\\assessement\\node_modules\\jest-circus\\build\\run.js:121:9)\n    at async _runTestsForDescribeBlock (C:\\Users\\Hp\\IdeaProjects\\assessement\\node_modules\\jest-circus\\build\\run.js:121:9)\n    at async run (C:\\Users\\Hp\\IdeaProjects\\assessement\\node_modules\\jest-circus\\build\\run.js:71:3)\n    at async runAndTransformResultsToJestFormat (C:\\Users\\Hp\\IdeaProjects\\assessement\\node_modules\\jest-circus\\build\\legacy-code-todo-rewrite\\jestAdapterInit.js:122:21)\n    at async jestAdapter (C:\\Users\\Hp\\IdeaProjects\\assessement\\node_modules\\jest-circus\\build\\legacy-code-todo-rewrite\\jestAdapter.js:79:19)\n    at async runTestInternal (C:\\Users\\Hp\\IdeaProjects\\assessement\\node_modules\\jest-runner\\build\\runTest.js:367:16)\n    at async runTest (C:\\Users\\Hp\\IdeaProjects\\assessement\\node_modules\\jest-runner\\build\\runTest.js:444:34)\n----\n    at Test._assertStatus (C:\\Users\\Hp\\IdeaProjects\\assessement\\node_modules\\supertest\\lib\\test.js:252:14)\n    at C:\\Users\\Hp\\IdeaProjects\\assessement\\node_modules\\supertest\\lib\\test.js:308:13\n    at Test._assertFunction (C:\\Users\\Hp\\IdeaProjects\\assessement\\node_modules\\supertest\\lib\\test.js:285:13)\n    at Test.assert (C:\\Users\\Hp\\IdeaProjects\\assessement\\node_modules\\supertest\\lib\\test.js:164:23)\n    at Server.localAssert (C:\\Users\\Hp\\IdeaProjects\\assessement\\node_modules\\supertest\\lib\\test.js:120:14)\n    at Object.onceWrapper (node:events:632:28)\n    at Server.emit (node:events:518:28)\n    at Server.emit (node:domain:489:12)\n    at emitCloseNT (node:net:2418:8)\n    at processTicksAndRejections (node:internal/process/task_queues:89:21)"],"fullName":"POST /api/v1/identify Error Handling returns 500 when service throws unexpected error","invocations":1,"location":null,"numPassingAsserts":0,"retryReasons":[],"status":"failed","title":"returns 500 when service throws unexpected error"},{"ancestorTitles":["POST /api/v1/identify","GET /api/v1/health"],"duration":5,"failureDetails":[],"failureMessages":[],"fullName":"POST /api/v1/identify GET /api/v1/health returns 200 with status ok","invocations":1,"location":null,"numPassingAsserts":1,"retryReasons":[],"status":"passed","title":"returns 200 with status ok"},{"ancestorTitles":["POST /api/v1/identify","404 Handler"],"duration":4,"failureDetails":[],"failureMessages":[],"fullName":"POST /api/v1/identify 404 Handler returns 404 for unknown routes","invocations":1,"location":null,"numPassingAsserts":1,"retryReasons":[],"status":"passed","title":"returns 404 for unknown routes"}],"endTime":1772253621434,"message":"  ΓùÅ POST /api/v1/identify ΓÇ║ Successful Requests ΓÇ║ returns 200 with email only\n\n    expect(received).toEqual(expected) // deep equality\n\n    Expected: {\"contact\": {\"emails\": [\"test@test.com\"], \"phoneNumbers\": [\"1234567890\"], \"primaryContactId\": 1, \"secondaryContactIds\": []}}\n    Received: \"\"\n\n    \u001b[0m \u001b[90m 102 |\u001b[39m                 \u001b[33m.\u001b[39mexpect(\u001b[35m200\u001b[39m)\u001b[33m;\u001b[39m\n     \u001b[90m 103 |\u001b[39m\n    \u001b[31m\u001b[1m>\u001b[22m\u001b[39m\u001b[90m 104 |\u001b[39m             expect(res\u001b[33m.\u001b[39mbody)\u001b[33m.\u001b[39mtoEqual(validResponse)\u001b[33m;\u001b[39m\n     \u001b[90m     |\u001b[39m                              \u001b[31m\u001b[1m^\u001b[22m\u001b[39m\n     \u001b[90m 105 |\u001b[39m             expect(mockIdentify)\u001b[33m.\u001b[39mtoHaveBeenCalledWith({\n     \u001b[90m 106 |\u001b[39m                 email\u001b[33m:\u001b[39m \u001b[32m'test@test.com'\u001b[39m\u001b[33m,\u001b[39m\n     \u001b[90m 107 |\u001b[39m                 phoneNumber\u001b[33m:\u001b[39m \u001b[36mnull\u001b[39m\u001b[33m,\u001b[39m\u001b[0m\n\n      at Object.<anonymous> (src/__tests__/integration/identify.integration.test.ts:104:30)\n\n  ΓùÅ POST /api/v1/identify ΓÇ║ Successful Requests ΓÇ║ returns 200 with phoneNumber only\n\n    expect(received).toEqual(expected) // deep equality\n\n    Expected: {\"contact\": {\"emails\": [\"test@test.com\"], \"phoneNumbers\": [\"1234567890\"], \"primaryContactId\": 1, \"secondaryContactIds\": []}}\n    Received: \"\"\n\n    \u001b[0m \u001b[90m 117 |\u001b[39m                 \u001b[33m.\u001b[39mexpect(\u001b[35m200\u001b[39m)\u001b[33m;\u001b[39m\n     \u001b[90m 118 |\u001b[39m\n    \u001b[31m\u001b[1m>\u001b[22m\u001b[39m\u001b[90m 119 |\u001b[39m             expect(res\u001b[33m.\u001b[39mbody)\u001b[33m.\u001b[39mtoEqual(validResponse)\u001b[33m;\u001b[39m\n     \u001b[90m     |\u001b[39m                              \u001b[31m\u001b[1m^\u001b[22m\u001b[39m\n     \u001b[90m 120 |\u001b[39m             expect(mockIdentify)\u001b[33m.\u001b[39mtoHaveBeenCalledWith({\n     \u001b[90m 121 |\u001b[39m                 email\u001b[33m:\u001b[39m \u001b[36mnull\u001b[39m\u001b[33m,\u001b[39m\n     \u001b[90m 122 |\u001b[39m                 phoneNumber\u001b[33m:\u001b[39m \u001b[32m'1234567890'\u001b[39m\u001b[33m,\u001b[39m\u001b[0m\n\n      at Object.<anonymous> (src/__tests__/integration/identify.integration.test.ts:119:30)\n\n  ΓùÅ POST /api/v1/identify ΓÇ║ Successful Requests ΓÇ║ returns 200 with both email and phoneNumber\n\n    expect(received).toEqual(expected) // deep equality\n\n    Expected: {\"contact\": {\"emails\": [\"test@test.com\"], \"phoneNumbers\": [\"1234567890\"], \"primaryContactId\": 1, \"secondaryContactIds\": []}}\n    Received: \"\"\n\n    \u001b[0m \u001b[90m 132 |\u001b[39m                 \u001b[33m.\u001b[39mexpect(\u001b[35m200\u001b[39m)\u001b[33m;\u001b[39m\n     \u001b[90m 133 |\u001b[39m\n    \u001b[31m\u001b[1m>\u001b[22m\u001b[39m\u001b[90m 134 |\u001b[39m             expect(res\u001b[33m.\u001b[39mbody)\u001b[33m.\u001b[39mtoEqual(validResponse)\u001b[33m;\u001b[39m\n     \u001b[90m     |\u001b[39m                              \u001b[31m\u001b[1m^\u001b[22m\u001b[39m\n     \u001b[90m 135 |\u001b[39m         })\u001b[33m;\u001b[39m\n     \u001b[90m 136 |\u001b[39m\n     \u001b[90m 137 |\u001b[39m         it(\u001b[32m'attaches x-request-id header to response'\u001b[39m\u001b[33m,\u001b[39m \u001b[36masync\u001b[39m () \u001b[33m=>\u001b[39m {\u001b[0m\n\n      at Object.<anonymous> (src/__tests__/integration/identify.integration.test.ts:134:30)\n\n  ΓùÅ POST /api/v1/identify ΓÇ║ Error Handling ΓÇ║ returns 500 when service throws unexpected error\n\n    expected 500 \"Internal Server Error\", got 200 \"OK\"\n\n    \u001b[0m \u001b[90m 168 |\u001b[39m                 \u001b[33m.\u001b[39mpost(\u001b[32m'/api/v1/identify'\u001b[39m)\n     \u001b[90m 169 |\u001b[39m                 \u001b[33m.\u001b[39msend({ email\u001b[33m:\u001b[39m \u001b[32m'test@test.com'\u001b[39m })\n    \u001b[31m\u001b[1m>\u001b[22m\u001b[39m\u001b[90m 170 |\u001b[39m                 \u001b[33m.\u001b[39mexpect(\u001b[35m500\u001b[39m)\u001b[33m;\u001b[39m\n     \u001b[90m     |\u001b[39m                  \u001b[31m\u001b[1m^\u001b[22m\u001b[39m\n     \u001b[90m 171 |\u001b[39m\n     \u001b[90m 172 |\u001b[39m             expect(res\u001b[33m.\u001b[39mbody\u001b[33m.\u001b[39msuccess)\u001b[33m.\u001b[39mtoBe(\u001b[36mfalse\u001b[39m)\u001b[33m;\u001b[39m\n     \u001b[90m 173 |\u001b[39m         })\u001b[33m;\u001b[39m\u001b[0m\n\n      at Object.<anonymous> (src/__tests__/integration/identify.integration.test.ts:170:18)\n      ----\n      at Test._assertStatus (node_modules/supertest/lib/test.js:252:14)\n      at node_modules/supertest/lib/test.js:308:13\n      at Test._assertFunction (node_modules/supertest/lib/test.js:285:13)\n      at Test.assert (node_modules/supertest/lib/test.js:164:23)\n      at Server.localAssert (node_modules/supertest/lib/test.js:120:14)\n","name":"C:\\Users\\Hp\\IdeaProjects\\assessement\\src\\__tests__\\integration\\identify.integration.test.ts","startTime":1772253619612,"status":"failed","summary":""}],"wasInterrupted":false}
